[2025-11-06 02:18:35] local.ERROR: rename(C:\Users\Yasmin Ivy\3RD YEARRRR\WEB\Resume\resume-app\resume-app\bootstrap\cache\pac473.tmp,C:\Users\Yasmin Ivy\3RD YEARRRR\WEB\Resume\resume-app\resume-app\bootstrap\cache\packages.php): Access is denied (code: 5) {"exception":"[object] (ErrorException(code: 0): rename(C:\\Users\\Yasmin Ivy\\3RD YEARRRR\\WEB\\Resume\\resume-app\\resume-app\\bootstrap\\cache\\pac473.tmp,C:\\Users\\Yasmin Ivy\\3RD YEARRRR\\WEB\\Resume\\resume-app\\resume-app\\bootstrap\\cache\\packages.php): Access is denied (code: 5) at C:\\Users\\Yasmin Ivy\\3RD YEARRRR\\WEB\\Resume\\resume-app\\resume-app\\vendor\\laravel\\framework\\src\\Illuminate\\Filesystem\\Filesystem.php:233)
[stacktrace]
#0 C:\\Users\\Yasmin Ivy\\3RD YEARRRR\\WEB\\Resume\\resume-app\\resume-app\\vendor\\laravel\\framework\\src\\Illuminate\\Foundation\\Bootstrap\\HandleExceptions.php(258): Illuminate\\Foundation\\Bootstrap\\HandleExceptions->handleError()
#1 [internal function]: Illuminate\\Foundation\\Bootstrap\\HandleExceptions->{closure:Illuminate\\Foundation\\Bootstrap\\HandleExceptions::forwardsTo():257}()
#2 C:\\Users\\Yasmin Ivy\\3RD YEARRRR\\WEB\\Resume\\resume-app\\resume-app\\vendor\\laravel\\framework\\src\\Illuminate\\Filesystem\\Filesystem.php(233): rename()
#3 C:\\Users\\Yasmin Ivy\\3RD YEARRRR\\WEB\\Resume\\resume-app\\resume-app\\vendor\\laravel\\framework\\src\\Illuminate\\Foundation\\PackageManifest.php(182): Illuminate\\Filesystem\\Filesystem->replace()
#4 C:\\Users\\Yasmin Ivy\\3RD YEARRRR\\WEB\\Resume\\resume-app\\resume-app\\vendor\\laravel\\framework\\src\\Illuminate\\Foundation\\PackageManifest.php(132): Illuminate\\Foundation\\PackageManifest->write()
#5 C:\\Users\\Yasmin Ivy\\3RD YEARRRR\\WEB\\Resume\\resume-app\\resume-app\\vendor\\laravel\\framework\\src\\Illuminate\\Foundation\\PackageManifest.php(108): Illuminate\\Foundation\\PackageManifest->build()
#6 C:\\Users\\Yasmin Ivy\\3RD YEARRRR\\WEB\\Resume\\resume-app\\resume-app\\vendor\\laravel\\framework\\src\\Illuminate\\Foundation\\PackageManifest.php(90): Illuminate\\Foundation\\PackageManifest->getManifest()
#7 C:\\Users\\Yasmin Ivy\\3RD YEARRRR\\WEB\\Resume\\resume-app\\resume-app\\vendor\\laravel\\framework\\src\\Illuminate\\Foundation\\PackageManifest.php(79): Illuminate\\Foundation\\PackageManifest->config()
#8 C:\\Users\\Yasmin Ivy\\3RD YEARRRR\\WEB\\Resume\\resume-app\\resume-app\\vendor\\laravel\\framework\\src\\Illuminate\\Foundation\\Bootstrap\\RegisterFacades.php(26): Illuminate\\Foundation\\PackageManifest->aliases()
#9 C:\\Users\\Yasmin Ivy\\3RD YEARRRR\\WEB\\Resume\\resume-app\\resume-app\\vendor\\laravel\\framework\\src\\Illuminate\\Foundation\\Application.php(342): Illuminate\\Foundation\\Bootstrap\\RegisterFacades->bootstrap()
#10 C:\\Users\\Yasmin Ivy\\3RD YEARRRR\\WEB\\Resume\\resume-app\\resume-app\\vendor\\laravel\\framework\\src\\Illuminate\\Foundation\\Console\\Kernel.php(473): Illuminate\\Foundation\\Application->bootstrapWith()
#11 C:\\Users\\Yasmin Ivy\\3RD YEARRRR\\WEB\\Resume\\resume-app\\resume-app\\vendor\\laravel\\framework\\src\\Illuminate\\Foundation\\Console\\Kernel.php(195): Illuminate\\Foundation\\Console\\Kernel->bootstrap()
#12 C:\\Users\\Yasmin Ivy\\3RD YEARRRR\\WEB\\Resume\\resume-app\\resume-app\\vendor\\laravel\\framework\\src\\Illuminate\\Foundation\\Application.php(1235): Illuminate\\Foundation\\Console\\Kernel->handle()
#13 C:\\Users\\Yasmin Ivy\\3RD YEARRRR\\WEB\\Resume\\resume-app\\resume-app\\artisan(16): Illuminate\\Foundation\\Application->handleCommand()
#14 {main}
"} 
[2025-11-06 02:57:36] local.ERROR: Undefined variable $user (View: C:\Users\Yasmin Ivy\3RD YEARRRR\WEB\Resume\resume-app\resume-app\resources\views\resume.blade.php) {"exception":"[object] (Illuminate\\View\\ViewException(code: 0): Undefined variable $user (View: C:\\Users\\Yasmin Ivy\\3RD YEARRRR\\WEB\\Resume\\resume-app\\resume-app\\resources\\views\\resume.blade.php) at C:\\Users\\Yasmin Ivy\\3RD YEARRRR\\WEB\\Resume\\resume-app\\resume-app\\storage\\framework\\views\\79e9360581239e15d002297cf1dd5bec.php:11)
[stacktrace]
#0 C:\\Users\\Yasmin Ivy\\3RD YEARRRR\\WEB\\Resume\\resume-app\\resume-app\\vendor\\laravel\\framework\\src\\Illuminate\\View\\Engines\\PhpEngine.php(59): Illuminate\\View\\Engines\\CompilerEngine->handleViewException()
#1 C:\\Users\\Yasmin Ivy\\3RD YEARRRR\\WEB\\Resume\\resume-app\\resume-app\\vendor\\laravel\\framework\\src\\Illuminate\\View\\Engines\\CompilerEngine.php(76): Illuminate\\View\\Engines\\PhpEngine->evaluatePath()
#2 C:\\Users\\Yasmin Ivy\\3RD YEARRRR\\WEB\\Resume\\resume-app\\resume-app\\vendor\\laravel\\framework\\src\\Illuminate\\View\\View.php(208): Illuminate\\View\\Engines\\CompilerEngine->get()
#3 C:\\Users\\Yasmin Ivy\\3RD YEARRRR\\WEB\\Resume\\resume-app\\resume-app\\vendor\\laravel\\framework\\src\\Illuminate\\View\\View.php(191): Illuminate\\View\\View->getContents()
#4 C:\\Users\\Yasmin Ivy\\3RD YEARRRR\\WEB\\Resume\\resume-app\\resume-app\\vendor\\laravel\\framework\\src\\Illuminate\\View\\View.php(160): Illuminate\\View\\View->renderContents()
#5 C:\\Users\\Yasmin Ivy\\3RD YEARRRR\\WEB\\Resume\\resume-app\\resume-app\\vendor\\laravel\\framework\\src\\Illuminate\\Http\\Response.php(78): Illuminate\\View\\View->render()
#6 C:\\Users\\Yasmin Ivy\\3RD YEARRRR\\WEB\\Resume\\resume-app\\resume-app\\vendor\\laravel\\framework\\src\\Illuminate\\Http\\Response.php(34): Illuminate\\Http\\Response->setContent()
#7 C:\\Users\\Yasmin Ivy\\3RD YEARRRR\\WEB\\Resume\\resume-app\\resume-app\\vendor\\laravel\\framework\\src\\Illuminate\\Routing\\Router.php(939): Illuminate\\Http\\Response->__construct()
#8 C:\\Users\\Yasmin Ivy\\3RD YEARRRR\\WEB\\Resume\\resume-app\\resume-app\\vendor\\laravel\\framework\\src\\Illuminate\\Routing\\Router.php(906): Illuminate\\Routing\\Router::toResponse()
#9 C:\\Users\\Yasmin Ivy\\3RD YEARRRR\\WEB\\Resume\\resume-app\\resume-app\\vendor\\laravel\\framework\\src\\Illuminate\\Routing\\Router.php(821): Illuminate\\Routing\\Router->prepareResponse()
#10 C:\\Users\\Yasmin Ivy\\3RD YEARRRR\\WEB\\Resume\\resume-app\\resume-app\\vendor\\laravel\\framework\\src\\Illuminate\\Pipeline\\Pipeline.php(180): Illuminate\\Routing\\Router->{closure:Illuminate\\Routing\\Router::runRouteWithinStack():821}()
#11 C:\\Users\\Yasmin Ivy\\3RD YEARRRR\\WEB\\Resume\\resume-app\\resume-app\\vendor\\laravel\\framework\\src\\Illuminate\\Routing\\Middleware\\SubstituteBindings.php(50): Illuminate\\Pipeline\\Pipeline->{closure:Illuminate\\Pipeline\\Pipeline::prepareDestination():178}()
#12 C:\\Users\\Yasmin Ivy\\3RD YEARRRR\\WEB\\Resume\\resume-app\\resume-app\\vendor\\laravel\\framework\\src\\Illuminate\\Pipeline\\Pipeline.php(219): Illuminate\\Routing\\Middleware\\SubstituteBindings->handle()
#13 C:\\Users\\Yasmin Ivy\\3RD YEARRRR\\WEB\\Resume\\resume-app\\resume-app\\vendor\\laravel\\framework\\src\\Illuminate\\Foundation\\Http\\Middleware\\VerifyCsrfToken.php(87): Illuminate\\Pipeline\\Pipeline->{closure:{closure:Illuminate\\Pipeline\\Pipeline::carry():194}:195}()
#14 C:\\Users\\Yasmin Ivy\\3RD YEARRRR\\WEB\\Resume\\resume-app\\resume-app\\vendor\\laravel\\framework\\src\\Illuminate\\Pipeline\\Pipeline.php(219): Illuminate\\Foundation\\Http\\Middleware\\VerifyCsrfToken->handle()
#15 C:\\Users\\Yasmin Ivy\\3RD YEARRRR\\WEB\\Resume\\resume-app\\resume-app\\vendor\\laravel\\framework\\src\\Illuminate\\View\\Middleware\\ShareErrorsFromSession.php(48): Illuminate\\Pipeline\\Pipeline->{closure:{closure:Illuminate\\Pipeline\\Pipeline::carry():194}:195}()
#16 C:\\Users\\Yasmin Ivy\\3RD YEARRRR\\WEB\\Resume\\resume-app\\resume-app\\vendor\\laravel\\framework\\src\\Illuminate\\Pipeline\\Pipeline.php(219): Illuminate\\View\\Middleware\\ShareErrorsFromSession->handle()
#17 C:\\Users\\Yasmin Ivy\\3RD YEARRRR\\WEB\\Resume\\resume-app\\resume-app\\vendor\\laravel\\framework\\src\\Illuminate\\Session\\Middleware\\StartSession.php(120): Illuminate\\Pipeline\\Pipeline->{closure:{closure:Illuminate\\Pipeline\\Pipeline::carry():194}:195}()
#18 C:\\Users\\Yasmin Ivy\\3RD YEARRRR\\WEB\\Resume\\resume-app\\resume-app\\vendor\\laravel\\framework\\src\\Illuminate\\Session\\Middleware\\StartSession.php(63): Illuminate\\Session\\Middleware\\StartSession->handleStatefulRequest()
#19 C:\\Users\\Yasmin Ivy\\3RD YEARRRR\\WEB\\Resume\\resume-app\\resume-app\\vendor\\laravel\\framework\\src\\Illuminate\\Pipeline\\Pipeline.php(219): Illuminate\\Session\\Middleware\\StartSession->handle()
#20 C:\\Users\\Yasmin Ivy\\3RD YEARRRR\\WEB\\Resume\\resume-app\\resume-app\\vendor\\laravel\\framework\\src\\Illuminate\\Cookie\\Middleware\\AddQueuedCookiesToResponse.php(36): Illuminate\\Pipeline\\Pipeline->{closure:{closure:Illuminate\\Pipeline\\Pipeline::carry():194}:195}()
#21 C:\\Users\\Yasmin Ivy\\3RD YEARRRR\\WEB\\Resume\\resume-app\\resume-app\\vendor\\laravel\\framework\\src\\Illuminate\\Pipeline\\Pipeline.php(219): Illuminate\\Cookie\\Middleware\\AddQueuedCookiesToResponse->handle()
#22 C:\\Users\\Yasmin Ivy\\3RD YEARRRR\\WEB\\Resume\\resume-app\\resume-app\\vendor\\laravel\\framework\\src\\Illuminate\\Cookie\\Middleware\\EncryptCookies.php(74): Illuminate\\Pipeline\\Pipeline->{closure:{closure:Illuminate\\Pipeline\\Pipeline::carry():194}:195}()
#23 C:\\Users\\Yasmin Ivy\\3RD YEARRRR\\WEB\\Resume\\resume-app\\resume-app\\vendor\\laravel\\framework\\src\\Illuminate\\Pipeline\\Pipeline.php(219): Illuminate\\Cookie\\Middleware\\EncryptCookies->handle()
#24 C:\\Users\\Yasmin Ivy\\3RD YEARRRR\\WEB\\Resume\\resume-app\\resume-app\\vendor\\laravel\\framework\\src\\Illuminate\\Pipeline\\Pipeline.php(137): Illuminate\\Pipeline\\Pipeline->{closure:{closure:Illuminate\\Pipeline\\Pipeline::carry():194}:195}()
#25 C:\\Users\\Yasmin Ivy\\3RD YEARRRR\\WEB\\Resume\\resume-app\\resume-app\\vendor\\laravel\\framework\\src\\Illuminate\\Routing\\Router.php(821): Illuminate\\Pipeline\\Pipeline->then()
#26 C:\\Users\\Yasmin Ivy\\3RD YEARRRR\\WEB\\Resume\\resume-app\\resume-app\\vendor\\laravel\\framework\\src\\Illuminate\\Routing\\Router.php(800): Illuminate\\Routing\\Router->runRouteWithinStack()
#27 C:\\Users\\Yasmin Ivy\\3RD YEARRRR\\WEB\\Resume\\resume-app\\resume-app\\vendor\\laravel\\framework\\src\\Illuminate\\Routing\\Router.php(764): Illuminate\\Routing\\Router->runRoute()
#28 C:\\Users\\Yasmin Ivy\\3RD YEARRRR\\WEB\\Resume\\resume-app\\resume-app\\vendor\\laravel\\framework\\src\\Illuminate\\Routing\\Router.php(753): Illuminate\\Routing\\Router->dispatchToRoute()
#29 C:\\Users\\Yasmin Ivy\\3RD YEARRRR\\WEB\\Resume\\resume-app\\resume-app\\vendor\\laravel\\framework\\src\\Illuminate\\Foundation\\Http\\Kernel.php(200): Illuminate\\Routing\\Router->dispatch()
#30 C:\\Users\\Yasmin Ivy\\3RD YEARRRR\\WEB\\Resume\\resume-app\\resume-app\\vendor\\laravel\\framework\\src\\Illuminate\\Pipeline\\Pipeline.php(180): Illuminate\\Foundation\\Http\\Kernel->{closure:Illuminate\\Foundation\\Http\\Kernel::dispatchToRouter():197}()
#31 C:\\Users\\Yasmin Ivy\\3RD YEARRRR\\WEB\\Resume\\resume-app\\resume-app\\vendor\\laravel\\framework\\src\\Illuminate\\Foundation\\Http\\Middleware\\TransformsRequest.php(21): Illuminate\\Pipeline\\Pipeline->{closure:Illuminate\\Pipeline\\Pipeline::prepareDestination():178}()
#32 C:\\Users\\Yasmin Ivy\\3RD YEARRRR\\WEB\\Resume\\resume-app\\resume-app\\vendor\\laravel\\framework\\src\\Illuminate\\Foundation\\Http\\Middleware\\ConvertEmptyStringsToNull.php(31): Illuminate\\Foundation\\Http\\Middleware\\TransformsRequest->handle()
#33 C:\\Users\\Yasmin Ivy\\3RD YEARRRR\\WEB\\Resume\\resume-app\\resume-app\\vendor\\laravel\\framework\\src\\Illuminate\\Pipeline\\Pipeline.php(219): Illuminate\\Foundation\\Http\\Middleware\\ConvertEmptyStringsToNull->handle()
#34 C:\\Users\\Yasmin Ivy\\3RD YEARRRR\\WEB\\Resume\\resume-app\\resume-app\\vendor\\laravel\\framework\\src\\Illuminate\\Foundation\\Http\\Middleware\\TransformsRequest.php(21): Illuminate\\Pipeline\\Pipeline->{closure:{closure:Illuminate\\Pipeline\\Pipeline::carry():194}:195}()
#35 C:\\Users\\Yasmin Ivy\\3RD YEARRRR\\WEB\\Resume\\resume-app\\resume-app\\vendor\\laravel\\framework\\src\\Illuminate\\Foundation\\Http\\Middleware\\TrimStrings.php(51): Illuminate\\Foundation\\Http\\Middleware\\TransformsRequest->handle()
#36 C:\\Users\\Yasmin Ivy\\3RD YEARRRR\\WEB\\Resume\\resume-app\\resume-app\\vendor\\laravel\\framework\\src\\Illuminate\\Pipeline\\Pipeline.php(219): Illuminate\\Foundation\\Http\\Middleware\\TrimStrings->handle()
#37 C:\\Users\\Yasmin Ivy\\3RD YEARRRR\\WEB\\Resume\\resume-app\\resume-app\\vendor\\laravel\\framework\\src\\Illuminate\\Http\\Middleware\\ValidatePostSize.php(27): Illuminate\\Pipeline\\Pipeline->{closure:{closure:Illuminate\\Pipeline\\Pipeline::carry():194}:195}()
#38 C:\\Users\\Yasmin Ivy\\3RD YEARRRR\\WEB\\Resume\\resume-app\\resume-app\\vendor\\laravel\\framework\\src\\Illuminate\\Pipeline\\Pipeline.php(219): Illuminate\\Http\\Middleware\\ValidatePostSize->handle()
#39 C:\\Users\\Yasmin Ivy\\3RD YEARRRR\\WEB\\Resume\\resume-app\\resume-app\\vendor\\laravel\\framework\\src\\Illuminate\\Foundation\\Http\\Middleware\\PreventRequestsDuringMaintenance.php(109): Illuminate\\Pipeline\\Pipeline->{closure:{closure:Illuminate\\Pipeline\\Pipeline::carry():194}:195}()
#40 C:\\Users\\Yasmin Ivy\\3RD YEARRRR\\WEB\\Resume\\resume-app\\resume-app\\vendor\\laravel\\framework\\src\\Illuminate\\Pipeline\\Pipeline.php(219): Illuminate\\Foundation\\Http\\Middleware\\PreventRequestsDuringMaintenance->handle()
#41 C:\\Users\\Yasmin Ivy\\3RD YEARRRR\\WEB\\Resume\\resume-app\\resume-app\\vendor\\laravel\\framework\\src\\Illuminate\\Http\\Middleware\\HandleCors.php(48): Illuminate\\Pipeline\\Pipeline->{closure:{closure:Illuminate\\Pipeline\\Pipeline::carry():194}:195}()
#42 C:\\Users\\Yasmin Ivy\\3RD YEARRRR\\WEB\\Resume\\resume-app\\resume-app\\vendor\\laravel\\framework\\src\\Illuminate\\Pipeline\\Pipeline.php(219): Illuminate\\Http\\Middleware\\HandleCors->handle()
#43 C:\\Users\\Yasmin Ivy\\3RD YEARRRR\\WEB\\Resume\\resume-app\\resume-app\\vendor\\laravel\\framework\\src\\Illuminate\\Http\\Middleware\\TrustProxies.php(58): Illuminate\\Pipeline\\Pipeline->{closure:{closure:Illuminate\\Pipeline\\Pipeline::carry():194}:195}()
#44 C:\\Users\\Yasmin Ivy\\3RD YEARRRR\\WEB\\Resume\\resume-app\\resume-app\\vendor\\laravel\\framework\\src\\Illuminate\\Pipeline\\Pipeline.php(219): Illuminate\\Http\\Middleware\\TrustProxies->handle()
#45 C:\\Users\\Yasmin Ivy\\3RD YEARRRR\\WEB\\Resume\\resume-app\\resume-app\\vendor\\laravel\\framework\\src\\Illuminate\\Foundation\\Http\\Middleware\\InvokeDeferredCallbacks.php(22): Illuminate\\Pipeline\\Pipeline->{closure:{closure:Illuminate\\Pipeline\\Pipeline::carry():194}:195}()
#46 C:\\Users\\Yasmin Ivy\\3RD YEARRRR\\WEB\\Resume\\resume-app\\resume-app\\vendor\\laravel\\framework\\src\\Illuminate\\Pipeline\\Pipeline.php(219): Illuminate\\Foundation\\Http\\Middleware\\InvokeDeferredCallbacks->handle()
#47 C:\\Users\\Yasmin Ivy\\3RD YEARRRR\\WEB\\Resume\\resume-app\\resume-app\\vendor\\laravel\\framework\\src\\Illuminate\\Http\\Middleware\\ValidatePathEncoding.php(26): Illuminate\\Pipeline\\Pipeline->{closure:{closure:Illuminate\\Pipeline\\Pipeline::carry():194}:195}()
#48 C:\\Users\\Yasmin Ivy\\3RD YEARRRR\\WEB\\Resume\\resume-app\\resume-app\\vendor\\laravel\\framework\\src\\Illuminate\\Pipeline\\Pipeline.php(219): Illuminate\\Http\\Middleware\\ValidatePathEncoding->handle()
#49 C:\\Users\\Yasmin Ivy\\3RD YEARRRR\\WEB\\Resume\\resume-app\\resume-app\\vendor\\laravel\\framework\\src\\Illuminate\\Pipeline\\Pipeline.php(137): Illuminate\\Pipeline\\Pipeline->{closure:{closure:Illuminate\\Pipeline\\Pipeline::carry():194}:195}()
#50 C:\\Users\\Yasmin Ivy\\3RD YEARRRR\\WEB\\Resume\\resume-app\\resume-app\\vendor\\laravel\\framework\\src\\Illuminate\\Foundation\\Http\\Kernel.php(175): Illuminate\\Pipeline\\Pipeline->then()
#51 C:\\Users\\Yasmin Ivy\\3RD YEARRRR\\WEB\\Resume\\resume-app\\resume-app\\vendor\\laravel\\framework\\src\\Illuminate\\Foundation\\Http\\Kernel.php(144): Illuminate\\Foundation\\Http\\Kernel->sendRequestThroughRouter()
#52 C:\\Users\\Yasmin Ivy\\3RD YEARRRR\\WEB\\Resume\\resume-app\\resume-app\\vendor\\laravel\\framework\\src\\Illuminate\\Foundation\\Application.php(1220): Illuminate\\Foundation\\Http\\Kernel->handle()
#53 C:\\Users\\Yasmin Ivy\\3RD YEARRRR\\WEB\\Resume\\resume-app\\resume-app\\public\\index.php(20): Illuminate\\Foundation\\Application->handleRequest()
#54 C:\\Users\\Yasmin Ivy\\3RD YEARRRR\\WEB\\Resume\\resume-app\\resume-app\\vendor\\laravel\\framework\\src\\Illuminate\\Foundation\\resources\\server.php(23): require_once('...')
#55 {main}

[previous exception] [object] (ErrorException(code: 0): Undefined variable $user at C:\\Users\\Yasmin Ivy\\3RD YEARRRR\\WEB\\Resume\\resume-app\\resume-app\\storage\\framework\\views\\79e9360581239e15d002297cf1dd5bec.php:11)
[stacktrace]
#0 C:\\Users\\Yasmin Ivy\\3RD YEARRRR\\WEB\\Resume\\resume-app\\resume-app\\vendor\\laravel\\framework\\src\\Illuminate\\Foundation\\Bootstrap\\HandleExceptions.php(258): Illuminate\\Foundation\\Bootstrap\\HandleExceptions->handleError()
#1 C:\\Users\\Yasmin Ivy\\3RD YEARRRR\\WEB\\Resume\\resume-app\\resume-app\\storage\\framework\\views\\79e9360581239e15d002297cf1dd5bec.php(11): Illuminate\\Foundation\\Bootstrap\\HandleExceptions->{closure:Illuminate\\Foundation\\Bootstrap\\HandleExceptions::forwardsTo():257}()
#2 C:\\Users\\Yasmin Ivy\\3RD YEARRRR\\WEB\\Resume\\resume-app\\resume-app\\vendor\\laravel\\framework\\src\\Illuminate\\Filesystem\\Filesystem.php(123): require('...')
#3 C:\\Users\\Yasmin Ivy\\3RD YEARRRR\\WEB\\Resume\\resume-app\\resume-app\\vendor\\laravel\\framework\\src\\Illuminate\\Filesystem\\Filesystem.php(124): Illuminate\\Filesystem\\Filesystem::{closure:Illuminate\\Filesystem\\Filesystem::getRequire():120}()
#4 C:\\Users\\Yasmin Ivy\\3RD YEARRRR\\WEB\\Resume\\resume-app\\resume-app\\vendor\\laravel\\framework\\src\\Illuminate\\View\\Engines\\PhpEngine.php(57): Illuminate\\Filesystem\\Filesystem->getRequire()
#5 C:\\Users\\Yasmin Ivy\\3RD YEARRRR\\WEB\\Resume\\resume-app\\resume-app\\vendor\\laravel\\framework\\src\\Illuminate\\View\\Engines\\CompilerEngine.php(76): Illuminate\\View\\Engines\\PhpEngine->evaluatePath()
#6 C:\\Users\\Yasmin Ivy\\3RD YEARRRR\\WEB\\Resume\\resume-app\\resume-app\\vendor\\laravel\\framework\\src\\Illuminate\\View\\View.php(208): Illuminate\\View\\Engines\\CompilerEngine->get()
#7 C:\\Users\\Yasmin Ivy\\3RD YEARRRR\\WEB\\Resume\\resume-app\\resume-app\\vendor\\laravel\\framework\\src\\Illuminate\\View\\View.php(191): Illuminate\\View\\View->getContents()
#8 C:\\Users\\Yasmin Ivy\\3RD YEARRRR\\WEB\\Resume\\resume-app\\resume-app\\vendor\\laravel\\framework\\src\\Illuminate\\View\\View.php(160): Illuminate\\View\\View->renderContents()
#9 C:\\Users\\Yasmin Ivy\\3RD YEARRRR\\WEB\\Resume\\resume-app\\resume-app\\vendor\\laravel\\framework\\src\\Illuminate\\Http\\Response.php(78): Illuminate\\View\\View->render()
#10 C:\\Users\\Yasmin Ivy\\3RD YEARRRR\\WEB\\Resume\\resume-app\\resume-app\\vendor\\laravel\\framework\\src\\Illuminate\\Http\\Response.php(34): Illuminate\\Http\\Response->setContent()
#11 C:\\Users\\Yasmin Ivy\\3RD YEARRRR\\WEB\\Resume\\resume-app\\resume-app\\vendor\\laravel\\framework\\src\\Illuminate\\Routing\\Router.php(939): Illuminate\\Http\\Response->__construct()
#12 C:\\Users\\Yasmin Ivy\\3RD YEARRRR\\WEB\\Resume\\resume-app\\resume-app\\vendor\\laravel\\framework\\src\\Illuminate\\Routing\\Router.php(906): Illuminate\\Routing\\Router::toResponse()
#13 C:\\Users\\Yasmin Ivy\\3RD YEARRRR\\WEB\\Resume\\resume-app\\resume-app\\vendor\\laravel\\framework\\src\\Illuminate\\Routing\\Router.php(821): Illuminate\\Routing\\Router->prepareResponse()
#14 C:\\Users\\Yasmin Ivy\\3RD YEARRRR\\WEB\\Resume\\resume-app\\resume-app\\vendor\\laravel\\framework\\src\\Illuminate\\Pipeline\\Pipeline.php(180): Illuminate\\Routing\\Router->{closure:Illuminate\\Routing\\Router::runRouteWithinStack():821}()
#15 C:\\Users\\Yasmin Ivy\\3RD YEARRRR\\WEB\\Resume\\resume-app\\resume-app\\vendor\\laravel\\framework\\src\\Illuminate\\Routing\\Middleware\\SubstituteBindings.php(50): Illuminate\\Pipeline\\Pipeline->{closure:Illuminate\\Pipeline\\Pipeline::prepareDestination():178}()
#16 C:\\Users\\Yasmin Ivy\\3RD YEARRRR\\WEB\\Resume\\resume-app\\resume-app\\vendor\\laravel\\framework\\src\\Illuminate\\Pipeline\\Pipeline.php(219): Illuminate\\Routing\\Middleware\\SubstituteBindings->handle()
#17 C:\\Users\\Yasmin Ivy\\3RD YEARRRR\\WEB\\Resume\\resume-app\\resume-app\\vendor\\laravel\\framework\\src\\Illuminate\\Foundation\\Http\\Middleware\\VerifyCsrfToken.php(87): Illuminate\\Pipeline\\Pipeline->{closure:{closure:Illuminate\\Pipeline\\Pipeline::carry():194}:195}()
#18 C:\\Users\\Yasmin Ivy\\3RD YEARRRR\\WEB\\Resume\\resume-app\\resume-app\\vendor\\laravel\\framework\\src\\Illuminate\\Pipeline\\Pipeline.php(219): Illuminate\\Foundation\\Http\\Middleware\\VerifyCsrfToken->handle()
#19 C:\\Users\\Yasmin Ivy\\3RD YEARRRR\\WEB\\Resume\\resume-app\\resume-app\\vendor\\laravel\\framework\\src\\Illuminate\\View\\Middleware\\ShareErrorsFromSession.php(48): Illuminate\\Pipeline\\Pipeline->{closure:{closure:Illuminate\\Pipeline\\Pipeline::carry():194}:195}()
#20 C:\\Users\\Yasmin Ivy\\3RD YEARRRR\\WEB\\Resume\\resume-app\\resume-app\\vendor\\laravel\\framework\\src\\Illuminate\\Pipeline\\Pipeline.php(219): Illuminate\\View\\Middleware\\ShareErrorsFromSession->handle()
#21 C:\\Users\\Yasmin Ivy\\3RD YEARRRR\\WEB\\Resume\\resume-app\\resume-app\\vendor\\laravel\\framework\\src\\Illuminate\\Session\\Middleware\\StartSession.php(120): Illuminate\\Pipeline\\Pipeline->{closure:{closure:Illuminate\\Pipeline\\Pipeline::carry():194}:195}()
#22 C:\\Users\\Yasmin Ivy\\3RD YEARRRR\\WEB\\Resume\\resume-app\\resume-app\\vendor\\laravel\\framework\\src\\Illuminate\\Session\\Middleware\\StartSession.php(63): Illuminate\\Session\\Middleware\\StartSession->handleStatefulRequest()
#23 C:\\Users\\Yasmin Ivy\\3RD YEARRRR\\WEB\\Resume\\resume-app\\resume-app\\vendor\\laravel\\framework\\src\\Illuminate\\Pipeline\\Pipeline.php(219): Illuminate\\Session\\Middleware\\StartSession->handle()
#24 C:\\Users\\Yasmin Ivy\\3RD YEARRRR\\WEB\\Resume\\resume-app\\resume-app\\vendor\\laravel\\framework\\src\\Illuminate\\Cookie\\Middleware\\AddQueuedCookiesToResponse.php(36): Illuminate\\Pipeline\\Pipeline->{closure:{closure:Illuminate\\Pipeline\\Pipeline::carry():194}:195}()
#25 C:\\Users\\Yasmin Ivy\\3RD YEARRRR\\WEB\\Resume\\resume-app\\resume-app\\vendor\\laravel\\framework\\src\\Illuminate\\Pipeline\\Pipeline.php(219): Illuminate\\Cookie\\Middleware\\AddQueuedCookiesToResponse->handle()
#26 C:\\Users\\Yasmin Ivy\\3RD YEARRRR\\WEB\\Resume\\resume-app\\resume-app\\vendor\\laravel\\framework\\src\\Illuminate\\Cookie\\Middleware\\EncryptCookies.php(74): Illuminate\\Pipeline\\Pipeline->{closure:{closure:Illuminate\\Pipeline\\Pipeline::carry():194}:195}()
#27 C:\\Users\\Yasmin Ivy\\3RD YEARRRR\\WEB\\Resume\\resume-app\\resume-app\\vendor\\laravel\\framework\\src\\Illuminate\\Pipeline\\Pipeline.php(219): Illuminate\\Cookie\\Middleware\\EncryptCookies->handle()
#28 C:\\Users\\Yasmin Ivy\\3RD YEARRRR\\WEB\\Resume\\resume-app\\resume-app\\vendor\\laravel\\framework\\src\\Illuminate\\Pipeline\\Pipeline.php(137): Illuminate\\Pipeline\\Pipeline->{closure:{closure:Illuminate\\Pipeline\\Pipeline::carry():194}:195}()
#29 C:\\Users\\Yasmin Ivy\\3RD YEARRRR\\WEB\\Resume\\resume-app\\resume-app\\vendor\\laravel\\framework\\src\\Illuminate\\Routing\\Router.php(821): Illuminate\\Pipeline\\Pipeline->then()
#30 C:\\Users\\Yasmin Ivy\\3RD YEARRRR\\WEB\\Resume\\resume-app\\resume-app\\vendor\\laravel\\framework\\src\\Illuminate\\Routing\\Router.php(800): Illuminate\\Routing\\Router->runRouteWithinStack()
#31 C:\\Users\\Yasmin Ivy\\3RD YEARRRR\\WEB\\Resume\\resume-app\\resume-app\\vendor\\laravel\\framework\\src\\Illuminate\\Routing\\Router.php(764): Illuminate\\Routing\\Router->runRoute()
#32 C:\\Users\\Yasmin Ivy\\3RD YEARRRR\\WEB\\Resume\\resume-app\\resume-app\\vendor\\laravel\\framework\\src\\Illuminate\\Routing\\Router.php(753): Illuminate\\Routing\\Router->dispatchToRoute()
#33 C:\\Users\\Yasmin Ivy\\3RD YEARRRR\\WEB\\Resume\\resume-app\\resume-app\\vendor\\laravel\\framework\\src\\Illuminate\\Foundation\\Http\\Kernel.php(200): Illuminate\\Routing\\Router->dispatch()
#34 C:\\Users\\Yasmin Ivy\\3RD YEARRRR\\WEB\\Resume\\resume-app\\resume-app\\vendor\\laravel\\framework\\src\\Illuminate\\Pipeline\\Pipeline.php(180): Illuminate\\Foundation\\Http\\Kernel->{closure:Illuminate\\Foundation\\Http\\Kernel::dispatchToRouter():197}()
#35 C:\\Users\\Yasmin Ivy\\3RD YEARRRR\\WEB\\Resume\\resume-app\\resume-app\\vendor\\laravel\\framework\\src\\Illuminate\\Foundation\\Http\\Middleware\\TransformsRequest.php(21): Illuminate\\Pipeline\\Pipeline->{closure:Illuminate\\Pipeline\\Pipeline::prepareDestination():178}()
#36 C:\\Users\\Yasmin Ivy\\3RD YEARRRR\\WEB\\Resume\\resume-app\\resume-app\\vendor\\laravel\\framework\\src\\Illuminate\\Foundation\\Http\\Middleware\\ConvertEmptyStringsToNull.php(31): Illuminate\\Foundation\\Http\\Middleware\\TransformsRequest->handle()
#37 C:\\Users\\Yasmin Ivy\\3RD YEARRRR\\WEB\\Resume\\resume-app\\resume-app\\vendor\\laravel\\framework\\src\\Illuminate\\Pipeline\\Pipeline.php(219): Illuminate\\Foundation\\Http\\Middleware\\ConvertEmptyStringsToNull->handle()
#38 C:\\Users\\Yasmin Ivy\\3RD YEARRRR\\WEB\\Resume\\resume-app\\resume-app\\vendor\\laravel\\framework\\src\\Illuminate\\Foundation\\Http\\Middleware\\TransformsRequest.php(21): Illuminate\\Pipeline\\Pipeline->{closure:{closure:Illuminate\\Pipeline\\Pipeline::carry():194}:195}()
#39 C:\\Users\\Yasmin Ivy\\3RD YEARRRR\\WEB\\Resume\\resume-app\\resume-app\\vendor\\laravel\\framework\\src\\Illuminate\\Foundation\\Http\\Middleware\\TrimStrings.php(51): Illuminate\\Foundation\\Http\\Middleware\\TransformsRequest->handle()
#40 C:\\Users\\Yasmin Ivy\\3RD YEARRRR\\WEB\\Resume\\resume-app\\resume-app\\vendor\\laravel\\framework\\src\\Illuminate\\Pipeline\\Pipeline.php(219): Illuminate\\Foundation\\Http\\Middleware\\TrimStrings->handle()
#41 C:\\Users\\Yasmin Ivy\\3RD YEARRRR\\WEB\\Resume\\resume-app\\resume-app\\vendor\\laravel\\framework\\src\\Illuminate\\Http\\Middleware\\ValidatePostSize.php(27): Illuminate\\Pipeline\\Pipeline->{closure:{closure:Illuminate\\Pipeline\\Pipeline::carry():194}:195}()
#42 C:\\Users\\Yasmin Ivy\\3RD YEARRRR\\WEB\\Resume\\resume-app\\resume-app\\vendor\\laravel\\framework\\src\\Illuminate\\Pipeline\\Pipeline.php(219): Illuminate\\Http\\Middleware\\ValidatePostSize->handle()
#43 C:\\Users\\Yasmin Ivy\\3RD YEARRRR\\WEB\\Resume\\resume-app\\resume-app\\vendor\\laravel\\framework\\src\\Illuminate\\Foundation\\Http\\Middleware\\PreventRequestsDuringMaintenance.php(109): Illuminate\\Pipeline\\Pipeline->{closure:{closure:Illuminate\\Pipeline\\Pipeline::carry():194}:195}()
#44 C:\\Users\\Yasmin Ivy\\3RD YEARRRR\\WEB\\Resume\\resume-app\\resume-app\\vendor\\laravel\\framework\\src\\Illuminate\\Pipeline\\Pipeline.php(219): Illuminate\\Foundation\\Http\\Middleware\\PreventRequestsDuringMaintenance->handle()
#45 C:\\Users\\Yasmin Ivy\\3RD YEARRRR\\WEB\\Resume\\resume-app\\resume-app\\vendor\\laravel\\framework\\src\\Illuminate\\Http\\Middleware\\HandleCors.php(48): Illuminate\\Pipeline\\Pipeline->{closure:{closure:Illuminate\\Pipeline\\Pipeline::carry():194}:195}()
#46 C:\\Users\\Yasmin Ivy\\3RD YEARRRR\\WEB\\Resume\\resume-app\\resume-app\\vendor\\laravel\\framework\\src\\Illuminate\\Pipeline\\Pipeline.php(219): Illuminate\\Http\\Middleware\\HandleCors->handle()
#47 C:\\Users\\Yasmin Ivy\\3RD YEARRRR\\WEB\\Resume\\resume-app\\resume-app\\vendor\\laravel\\framework\\src\\Illuminate\\Http\\Middleware\\TrustProxies.php(58): Illuminate\\Pipeline\\Pipeline->{closure:{closure:Illuminate\\Pipeline\\Pipeline::carry():194}:195}()
#48 C:\\Users\\Yasmin Ivy\\3RD YEARRRR\\WEB\\Resume\\resume-app\\resume-app\\vendor\\laravel\\framework\\src\\Illuminate\\Pipeline\\Pipeline.php(219): Illuminate\\Http\\Middleware\\TrustProxies->handle()
#49 C:\\Users\\Yasmin Ivy\\3RD YEARRRR\\WEB\\Resume\\resume-app\\resume-app\\vendor\\laravel\\framework\\src\\Illuminate\\Foundation\\Http\\Middleware\\InvokeDeferredCallbacks.php(22): Illuminate\\Pipeline\\Pipeline->{closure:{closure:Illuminate\\Pipeline\\Pipeline::carry():194}:195}()
#50 C:\\Users\\Yasmin Ivy\\3RD YEARRRR\\WEB\\Resume\\resume-app\\resume-app\\vendor\\laravel\\framework\\src\\Illuminate\\Pipeline\\Pipeline.php(219): Illuminate\\Foundation\\Http\\Middleware\\InvokeDeferredCallbacks->handle()
#51 C:\\Users\\Yasmin Ivy\\3RD YEARRRR\\WEB\\Resume\\resume-app\\resume-app\\vendor\\laravel\\framework\\src\\Illuminate\\Http\\Middleware\\ValidatePathEncoding.php(26): Illuminate\\Pipeline\\Pipeline->{closure:{closure:Illuminate\\Pipeline\\Pipeline::carry():194}:195}()
#52 C:\\Users\\Yasmin Ivy\\3RD YEARRRR\\WEB\\Resume\\resume-app\\resume-app\\vendor\\laravel\\framework\\src\\Illuminate\\Pipeline\\Pipeline.php(219): Illuminate\\Http\\Middleware\\ValidatePathEncoding->handle()
#53 C:\\Users\\Yasmin Ivy\\3RD YEARRRR\\WEB\\Resume\\resume-app\\resume-app\\vendor\\laravel\\framework\\src\\Illuminate\\Pipeline\\Pipeline.php(137): Illuminate\\Pipeline\\Pipeline->{closure:{closure:Illuminate\\Pipeline\\Pipeline::carry():194}:195}()
#54 C:\\Users\\Yasmin Ivy\\3RD YEARRRR\\WEB\\Resume\\resume-app\\resume-app\\vendor\\laravel\\framework\\src\\Illuminate\\Foundation\\Http\\Kernel.php(175): Illuminate\\Pipeline\\Pipeline->then()
#55 C:\\Users\\Yasmin Ivy\\3RD YEARRRR\\WEB\\Resume\\resume-app\\resume-app\\vendor\\laravel\\framework\\src\\Illuminate\\Foundation\\Http\\Kernel.php(144): Illuminate\\Foundation\\Http\\Kernel->sendRequestThroughRouter()
#56 C:\\Users\\Yasmin Ivy\\3RD YEARRRR\\WEB\\Resume\\resume-app\\resume-app\\vendor\\laravel\\framework\\src\\Illuminate\\Foundation\\Application.php(1220): Illuminate\\Foundation\\Http\\Kernel->handle()
#57 C:\\Users\\Yasmin Ivy\\3RD YEARRRR\\WEB\\Resume\\resume-app\\resume-app\\public\\index.php(20): Illuminate\\Foundation\\Application->handleRequest()
#58 C:\\Users\\Yasmin Ivy\\3RD YEARRRR\\WEB\\Resume\\resume-app\\resume-app\\vendor\\laravel\\framework\\src\\Illuminate\\Foundation\\resources\\server.php(23): require_once('...')
#59 {main}
"} 
